{"uid":"3ed0da1d81fd4cd9","name":"test_to_edit_bank_details","fullName":"tests_pages.test_self_service_bank_details.TestAddBankDetailsPage#test_to_edit_bank_details","historyId":"8845b67627b47b31c0c72b351d830427","time":{"start":1771423383372,"stop":1771423395777,"duration":12405},"description":"Test editing personal details with debugging","descriptionHtml":"<p>Test editing personal details with debugging</p>\n","status":"failed","statusMessage":"AssertionError: Locator expected to have Value 're.compile('^.{10}$')'\nActual value:  \nCall log:\n  - Expect \"to_have_value\" with timeout 5000ms\n  - waiting for locator(\"input[name=\\\"financialInstitutionId\\\"]\")\n    9 × locator resolved to <input value=\"\" type=\"text\" name=\"financialInstitutionId\" class=\"ant-input ant-input-lg css-1ft25a2 ant-input-outlined w-full\"/>\n      - unexpected value \"\"","statusTrace":"tests_pages/test_self_service_bank_details.py:96: in test_to_edit_bank_details\n    edit_bank_details_page.edit_bank_details()\nutils/decorators.py:38: in wrapper\n    result = func(*args, **kwargs)\n             ^^^^^^^^^^^^^^^^^^^^^\npages/edit_bank_details_page.py:43: in edit_bank_details\n    self.verify_input_value_length(EDIT_BANK_DETAILS_PAGE.BANK_ID, 10)\npages/base_page.py:413: in verify_input_value_length\n    expect(element).to_have_value(\nE   AssertionError: Locator expected to have Value 're.compile('^.{10}$')'\nE   Actual value:  \nE   Call log:\nE     - Expect \"to_have_value\" with timeout 5000ms\nE     - waiting for locator(\"input[name=\\\"financialInstitutionId\\\"]\")\nE       9 × locator resolved to <input value=\"\" type=\"text\" name=\"financialInstitutionId\" class=\"ant-input ant-input-lg css-1ft25a2 ant-input-outlined w-full\"/>\nE         - unexpected value \"\"","flaky":false,"newFailed":false,"newBroken":false,"newPassed":false,"retriesCount":0,"retriesStatusChange":false,"beforeStages":[{"name":"base_url","time":{"start":1771423356391,"stop":1771423356392,"duration":1},"status":"passed","steps":[],"attachments":[],"parameters":[],"shouldDisplayMessage":false,"stepsCount":0,"attachmentsCount":0,"hasContent":false,"attachmentStep":false},{"name":"configure_logging","time":{"start":1771423356392,"stop":1771423356395,"duration":3},"status":"passed","steps":[],"attachments":[],"parameters":[],"shouldDisplayMessage":false,"stepsCount":0,"attachmentsCount":0,"hasContent":false,"attachmentStep":false},{"name":"_verify_url","time":{"start":1771423356392,"stop":1771423356392,"duration":0},"status":"passed","steps":[],"attachments":[],"parameters":[],"shouldDisplayMessage":false,"stepsCount":0,"attachmentsCount":0,"hasContent":false,"attachmentStep":false},{"name":"delete_output_dir","time":{"start":1771423356392,"stop":1771423356392,"duration":0},"status":"passed","steps":[],"attachments":[],"parameters":[],"shouldDisplayMessage":false,"stepsCount":0,"attachmentsCount":0,"hasContent":false,"attachmentStep":false},{"name":"pytestconfig","time":{"start":1771423356392,"stop":1771423356392,"duration":0},"status":"passed","steps":[],"attachments":[],"parameters":[],"shouldDisplayMessage":false,"stepsCount":0,"attachmentsCount":0,"hasContent":false,"attachmentStep":false},{"name":"playwright_instance","time":{"start":1771423356395,"stop":1771423357089,"duration":694},"status":"passed","steps":[],"attachments":[],"parameters":[],"shouldDisplayMessage":false,"stepsCount":0,"attachmentsCount":0,"hasContent":false,"attachmentStep":false},{"name":"browser","time":{"start":1771423357089,"stop":1771423357554,"duration":465},"status":"passed","steps":[],"attachments":[],"parameters":[],"shouldDisplayMessage":false,"stepsCount":0,"attachmentsCount":0,"hasContent":false,"attachmentStep":false},{"name":"log_test_info","time":{"start":1771423377963,"stop":1771423377964,"duration":1},"status":"passed","steps":[],"attachments":[],"parameters":[],"shouldDisplayMessage":false,"stepsCount":0,"attachmentsCount":0,"hasContent":false,"attachmentStep":false},{"name":"context","time":{"start":1771423377964,"stop":1771423377969,"duration":5},"status":"passed","steps":[],"attachments":[],"parameters":[],"shouldDisplayMessage":false,"stepsCount":0,"attachmentsCount":0,"hasContent":false,"attachmentStep":false},{"name":"page","time":{"start":1771423377969,"stop":1771423378006,"duration":37},"status":"passed","steps":[],"attachments":[],"parameters":[],"shouldDisplayMessage":false,"stepsCount":0,"attachmentsCount":0,"hasContent":false,"attachmentStep":false},{"name":"authenticated_page","time":{"start":1771423378006,"stop":1771423383370,"duration":5364},"status":"passed","steps":[],"attachments":[],"parameters":[],"shouldDisplayMessage":false,"stepsCount":0,"attachmentsCount":0,"hasContent":false,"attachmentStep":false},{"name":"setup","time":{"start":1771423383370,"stop":1771423383370,"duration":0},"status":"passed","steps":[],"attachments":[],"parameters":[],"shouldDisplayMessage":false,"stepsCount":0,"attachmentsCount":0,"hasContent":false,"attachmentStep":false},{"name":"setup_test_logging","time":{"start":1771423383371,"stop":1771423383371,"duration":0},"status":"passed","steps":[],"attachments":[],"parameters":[],"shouldDisplayMessage":false,"stepsCount":0,"attachmentsCount":0,"hasContent":false,"attachmentStep":false}],"testStage":{"description":"Test editing personal details with debugging","status":"failed","statusMessage":"AssertionError: Locator expected to have Value 're.compile('^.{10}$')'\nActual value:  \nCall log:\n  - Expect \"to_have_value\" with timeout 5000ms\n  - waiting for locator(\"input[name=\\\"financialInstitutionId\\\"]\")\n    9 × locator resolved to <input value=\"\" type=\"text\" name=\"financialInstitutionId\" class=\"ant-input ant-input-lg css-1ft25a2 ant-input-outlined w-full\"/>\n      - unexpected value \"\"","statusTrace":"tests_pages/test_self_service_bank_details.py:96: in test_to_edit_bank_details\n    edit_bank_details_page.edit_bank_details()\nutils/decorators.py:38: in wrapper\n    result = func(*args, **kwargs)\n             ^^^^^^^^^^^^^^^^^^^^^\npages/edit_bank_details_page.py:43: in edit_bank_details\n    self.verify_input_value_length(EDIT_BANK_DETAILS_PAGE.BANK_ID, 10)\npages/base_page.py:413: in verify_input_value_length\n    expect(element).to_have_value(\nE   AssertionError: Locator expected to have Value 're.compile('^.{10}$')'\nE   Actual value:  \nE   Call log:\nE     - Expect \"to_have_value\" with timeout 5000ms\nE     - waiting for locator(\"input[name=\\\"financialInstitutionId\\\"]\")\nE       9 × locator resolved to <input value=\"\" type=\"text\" name=\"financialInstitutionId\" class=\"ant-input ant-input-lg css-1ft25a2 ant-input-outlined w-full\"/>\nE         - unexpected value \"\"","steps":[],"attachments":[{"uid":"a5498055abeb5729","name":"log","source":"a5498055abeb5729.txt","type":"text/plain","size":25596}],"parameters":[],"shouldDisplayMessage":true,"stepsCount":0,"attachmentsCount":1,"hasContent":true,"attachmentStep":false},"afterStages":[{"name":"setup_test_logging::0","time":{"start":1771423395791,"stop":1771423395791,"duration":0},"status":"passed","steps":[],"attachments":[],"parameters":[],"shouldDisplayMessage":false,"stepsCount":0,"attachmentsCount":0,"hasContent":false,"attachmentStep":false},{"name":"authenticated_page::0","time":{"start":1771423395792,"stop":1771423396274,"duration":482},"status":"passed","steps":[],"attachments":[],"parameters":[],"shouldDisplayMessage":false,"stepsCount":0,"attachmentsCount":0,"hasContent":false,"attachmentStep":false},{"name":"setup::0","time":{"start":1771423395792,"stop":1771423395792,"duration":0},"status":"passed","steps":[],"attachments":[],"parameters":[],"shouldDisplayMessage":false,"stepsCount":0,"attachmentsCount":0,"hasContent":false,"attachmentStep":false},{"name":"page::0","time":{"start":1771423396274,"stop":1771423396278,"duration":4},"status":"passed","steps":[],"attachments":[],"parameters":[],"shouldDisplayMessage":false,"stepsCount":0,"attachmentsCount":0,"hasContent":false,"attachmentStep":false},{"name":"context::0","time":{"start":1771423396278,"stop":1771423396284,"duration":6},"status":"passed","steps":[],"attachments":[],"parameters":[],"shouldDisplayMessage":false,"stepsCount":0,"attachmentsCount":0,"hasContent":false,"attachmentStep":false},{"name":"log_test_info::0","time":{"start":1771423396285,"stop":1771423396285,"duration":0},"status":"passed","steps":[],"attachments":[],"parameters":[],"shouldDisplayMessage":false,"stepsCount":0,"attachmentsCount":0,"hasContent":false,"attachmentStep":false},{"name":"browser::0","time":{"start":1771423396286,"stop":1771423396323,"duration":37},"status":"passed","steps":[],"attachments":[],"parameters":[],"shouldDisplayMessage":false,"stepsCount":0,"attachmentsCount":0,"hasContent":false,"attachmentStep":false},{"name":"playwright_instance::0","time":{"start":1771423396324,"stop":1771423396335,"duration":11},"status":"passed","steps":[],"attachments":[],"parameters":[],"shouldDisplayMessage":false,"stepsCount":0,"attachmentsCount":0,"hasContent":false,"attachmentStep":false},{"name":"configure_logging::0","time":{"start":1771423396336,"stop":1771423396336,"duration":0},"status":"passed","steps":[],"attachments":[],"parameters":[],"shouldDisplayMessage":false,"stepsCount":0,"attachmentsCount":0,"hasContent":false,"attachmentStep":false}],"labels":[{"name":"tag","value":"regression"},{"name":"parentSuite","value":"tests_pages"},{"name":"suite","value":"test_self_service_bank_details"},{"name":"subSuite","value":"TestAddBankDetailsPage"},{"name":"host","value":"runnervmjduv7"},{"name":"thread","value":"3104-MainThread"},{"name":"framework","value":"pytest"},{"name":"language","value":"cpython3"},{"name":"package","value":"tests_pages.test_self_service_bank_details"},{"name":"resultFormat","value":"allure2"}],"parameters":[],"links":[],"hidden":false,"retry":false,"extra":{"severity":"normal","retries":[],"categories":[{"name":"Product defects","matchedStatuses":[],"flaky":false}],"history":{"statistic":{"failed":11,"broken":3,"skipped":0,"passed":0,"unknown":0,"total":14},"items":[{"uid":"a84df02d54c3caa","status":"failed","statusDetails":"AssertionError: Locator expected to have Value 're.compile('^.{10}$')'\nActual value: UNAFNGLA228 \nCall log:\n  - Expect \"to_have_value\" with timeout 5000ms\n  - waiting for locator(\"input[name=\\\"financialInstitutionId\\\"]\")\n    9 × locator resolved to <input type=\"text\" value=\"UNAFNGLA228\" name=\"financialInstitutionId\" class=\"ant-input ant-input-lg css-1ft25a2 ant-input-outlined w-full\"/>\n      - unexpected value \"UNAFNGLA228\"","time":{"start":1771421961493,"stop":1771421976470,"duration":14977}},{"uid":"3559a5b76a140028","status":"broken","statusDetails":"playwright._impl._errors.TimeoutError: Locator.wait_for: Timeout 30000ms exceeded.\nCall log:\n  - waiting for locator(\"button:has-text('Bank Details')\") to be visible\n    65 × locator resolved to hidden <button class=\"bg-transparent text-label flex items-center whitespace-nowrap text-left w-full px-2 py-3 text-[11px] rounded\">…</button>","time":{"start":1771417858017,"stop":1771417888122,"duration":30105}},{"uid":"2049bd19055fdff","status":"broken","statusDetails":"playwright._impl._errors.TimeoutError: Locator.wait_for: Timeout 30000ms exceeded.\nCall log:\n  - waiting for locator(\"button:has-text('Bank Details')\") to be visible\n    64 × locator resolved to hidden <button class=\"bg-transparent text-label flex items-center whitespace-nowrap text-left w-full px-2 py-3 text-[11px] rounded\">…</button>","time":{"start":1771416057244,"stop":1771416087372,"duration":30128}},{"uid":"591a86f5938463b0","status":"broken","statusDetails":"playwright._impl._errors.TimeoutError: Locator.wait_for: Timeout 30000ms exceeded.\nCall log:\n  - waiting for locator(\"button:has-text('Bank Details')\") to be visible\n    65 × locator resolved to hidden <button class=\"bg-transparent text-label flex items-center whitespace-nowrap text-left w-full px-2 py-3 text-[11px] rounded\">…</button>","time":{"start":1771413106540,"stop":1771413136628,"duration":30088}},{"uid":"a4affd246318d4a0","status":"failed","statusDetails":"AssertionError: Locator expected to be visible\nActual value: None\nError: element(s) not found \nCall log:\n  - Expect \"to_be_visible\" with timeout 5000ms\n  - waiting for locator(\"div.uppercase:has-text('DEFAULT')\")","time":{"start":1771412033736,"stop":1771412033736,"duration":0}},{"uid":"b2dc939e4e50cacf","status":"failed","statusDetails":"AssertionError: Locator expected to be visible\nActual value: None\nError: element(s) not found \nCall log:\n  - Expect \"to_be_visible\" with timeout 5000ms\n  - waiting for locator(\"div.uppercase:has-text('DEFAULT')\")","time":{"start":1771388645666,"stop":1771388645666,"duration":0}},{"uid":"6267a2b966b1c923","status":"failed","statusDetails":"AssertionError: Locator expected to be visible\nActual value: None\nError: element(s) not found \nCall log:\n  - Expect \"to_be_visible\" with timeout 5000ms\n  - waiting for locator(\"div.uppercase:has-text('DEFAULT')\")","time":{"start":1771302162054,"stop":1771302162054,"duration":0}},{"uid":"3d8297f71cdb6917","status":"failed","statusDetails":"AssertionError: Locator expected to be visible\nActual value: None\nError: element(s) not found \nCall log:\n  - Expect \"to_be_visible\" with timeout 5000ms\n  - waiting for locator(\"div.uppercase:has-text('DEFAULT')\")","time":{"start":1771216066051,"stop":1771216066051,"duration":0}},{"uid":"2172d4e5c48caa0b","status":"failed","statusDetails":"AssertionError: Locator expected to be visible\nActual value: None\nError: element(s) not found \nCall log:\n  - Expect \"to_be_visible\" with timeout 5000ms\n  - waiting for locator(\"div.uppercase:has-text('DEFAULT')\")","time":{"start":1771129460965,"stop":1771129460965,"duration":0}},{"uid":"b8b99f0de0c4071e","status":"failed","statusDetails":"AssertionError: Locator expected to be visible\nActual value: None\nError: element(s) not found \nCall log:\n  - Expect \"to_be_visible\" with timeout 5000ms\n  - waiting for locator(\"div.uppercase:has-text('DEFAULT')\")","time":{"start":1771042328294,"stop":1771042328294,"duration":0}},{"uid":"568c48b8b21edaa4","status":"failed","statusDetails":"AssertionError: Locator expected to be visible\nActual value: None\nError: element(s) not found \nCall log:\n  - Expect \"to_be_visible\" with timeout 5000ms\n  - waiting for locator(\"div.uppercase:has-text('DEFAULT')\")","time":{"start":1770956623643,"stop":1770956623643,"duration":0}},{"uid":"cf8f43339dcb99af","status":"failed","statusDetails":"AssertionError: Locator expected to be visible\nActual value: None\nError: element(s) not found \nCall log:\n  - Expect \"to_be_visible\" with timeout 5000ms\n  - waiting for locator(\"div.uppercase:has-text('DEFAULT')\")","time":{"start":1770926269139,"stop":1770926269139,"duration":0}},{"uid":"ec20f9d329deacbb","status":"failed","statusDetails":"AssertionError: Locator expected to be visible\nActual value: None\nError: element(s) not found \nCall log:\n  - Expect \"to_be_visible\" with timeout 5000ms\n  - waiting for locator(\"div.uppercase:has-text('DEFAULT')\")","time":{"start":1770911967869,"stop":1770911967869,"duration":0}}]},"tags":["regression"]},"source":"3ed0da1d81fd4cd9.json","parameterValues":[]}