{"uid":"904fd3def0b8e5a8","name":"test_edit_personal_details","fullName":"tests_pages.test_self_service_personal_data.TestEditSelfServicePage#test_edit_personal_details","historyId":"4a96a3cd8c222da3ca0bad3482859d1c","time":{"start":1771388666980,"stop":1771388666980,"duration":0},"description":"Test editing personal details with debugging","descriptionHtml":"<p>Test editing personal details with debugging</p>\n","status":"failed","statusMessage":"AssertionError: Locator expected to be visible\nActual value: None\nError: element(s) not found \nCall log:\n  - Expect \"to_be_visible\" with timeout 5000ms\n  - waiting for locator(\"div.uppercase:has-text('DEFAULT')\")","statusTrace":"conftest.py:207: in authenticated_page\n    login_page.verify_login_successful_load_companies()\nutils/decorators.py:38: in wrapper\n    result = func(*args, **kwargs)\n             ^^^^^^^^^^^^^^^^^^^^^\npages/login_page.py:63: in verify_login_successful_load_companies\n    self.verify_element_visible(LOGIN_PAGE.DEFAULT_COMPANY)\nutils/decorators.py:38: in wrapper\n    result = func(*args, **kwargs)\n             ^^^^^^^^^^^^^^^^^^^^^\npages/base_page.py:294: in verify_element_visible\n    expect(self.page.locator(selector)).to_be_visible(timeout=timeout)\nE   AssertionError: Locator expected to be visible\nE   Actual value: None\nE   Error: element(s) not found \nE   Call log:\nE     - Expect \"to_be_visible\" with timeout 5000ms\nE     - waiting for locator(\"div.uppercase:has-text('DEFAULT')\")","flaky":false,"newFailed":false,"newBroken":false,"newPassed":false,"retriesCount":0,"retriesStatusChange":false,"beforeStages":[{"name":"base_url","time":{"start":1771388606858,"stop":1771388606858,"duration":0},"status":"passed","steps":[],"attachments":[],"parameters":[],"shouldDisplayMessage":false,"stepsCount":0,"attachmentsCount":0,"hasContent":false,"attachmentStep":false},{"name":"_verify_url","time":{"start":1771388606858,"stop":1771388606858,"duration":0},"status":"passed","steps":[],"attachments":[],"parameters":[],"shouldDisplayMessage":false,"stepsCount":0,"attachmentsCount":0,"hasContent":false,"attachmentStep":false},{"name":"pytestconfig","time":{"start":1771388606858,"stop":1771388606858,"duration":0},"status":"passed","steps":[],"attachments":[],"parameters":[],"shouldDisplayMessage":false,"stepsCount":0,"attachmentsCount":0,"hasContent":false,"attachmentStep":false},{"name":"delete_output_dir","time":{"start":1771388606858,"stop":1771388606859,"duration":1},"status":"passed","steps":[],"attachments":[],"parameters":[],"shouldDisplayMessage":false,"stepsCount":0,"attachmentsCount":0,"hasContent":false,"attachmentStep":false},{"name":"configure_logging","time":{"start":1771388606859,"stop":1771388606859,"duration":0},"status":"passed","steps":[],"attachments":[],"parameters":[],"shouldDisplayMessage":false,"stepsCount":0,"attachmentsCount":0,"hasContent":false,"attachmentStep":false},{"name":"playwright_instance","time":{"start":1771388606860,"stop":1771388607253,"duration":393},"status":"passed","steps":[],"attachments":[],"parameters":[],"shouldDisplayMessage":false,"stepsCount":0,"attachmentsCount":0,"hasContent":false,"attachmentStep":false},{"name":"browser","time":{"start":1771388607254,"stop":1771388607455,"duration":201},"status":"passed","steps":[],"attachments":[],"parameters":[],"shouldDisplayMessage":false,"stepsCount":0,"attachmentsCount":0,"hasContent":false,"attachmentStep":false},{"name":"log_test_info","time":{"start":1771388666980,"stop":1771388666981,"duration":1},"status":"passed","steps":[],"attachments":[],"parameters":[],"shouldDisplayMessage":false,"stepsCount":0,"attachmentsCount":0,"hasContent":false,"attachmentStep":false},{"name":"context","time":{"start":1771388666981,"stop":1771388666985,"duration":4},"status":"passed","steps":[],"attachments":[],"parameters":[],"shouldDisplayMessage":false,"stepsCount":0,"attachmentsCount":0,"hasContent":false,"attachmentStep":false},{"name":"page","time":{"start":1771388666985,"stop":1771388667012,"duration":27},"status":"passed","steps":[],"attachments":[],"parameters":[],"shouldDisplayMessage":false,"stepsCount":0,"attachmentsCount":0,"hasContent":false,"attachmentStep":false},{"name":"authenticated_page","time":{"start":1771388667012,"stop":1771388674071,"duration":7059},"status":"failed","statusMessage":"AssertionError: Locator expected to be visible\nActual value: None\nError: element(s) not found \nCall log:\n  - Expect \"to_be_visible\" with timeout 5000ms\n  - waiting for locator(\"div.uppercase:has-text('DEFAULT')\")\n\n","statusTrace":"  File \"/opt/hostedtoolcache/Python/3.11.14/x64/lib/python3.11/site-packages/pluggy/_callers.py\", line 38, in run_old_style_hookwrapper\n    res = yield\n          ^^^^^\n  File \"/opt/hostedtoolcache/Python/3.11.14/x64/lib/python3.11/site-packages/pluggy/_callers.py\", line 139, in _multicall\n    teardown.throw(exception)\n  File \"/opt/hostedtoolcache/Python/3.11.14/x64/lib/python3.11/site-packages/_pytest/setuponly.py\", line 36, in pytest_fixture_setup\n    return (yield)\n            ^^^^^\n  File \"/opt/hostedtoolcache/Python/3.11.14/x64/lib/python3.11/site-packages/pluggy/_callers.py\", line 121, in _multicall\n    res = hook_impl.function(*args)\n          ^^^^^^^^^^^^^^^^^^^^^^^^^\n  File \"/opt/hostedtoolcache/Python/3.11.14/x64/lib/python3.11/site-packages/_pytest/fixtures.py\", line 1202, in pytest_fixture_setup\n    result = call_fixture_func(fixturefunc, request, kwargs)\n             ^^^^^^^^^^^^^^^^^^^^^^^^^^^^^^^^^^^^^^^^^^^^^^^\n  File \"/opt/hostedtoolcache/Python/3.11.14/x64/lib/python3.11/site-packages/_pytest/fixtures.py\", line 908, in call_fixture_func\n    fixture_result = next(generator)\n                     ^^^^^^^^^^^^^^^\n  File \"/home/runner/work/cileasing-automated-tests-playwright/cileasing-automated-tests-playwright/conftest.py\", line 207, in authenticated_page\n    login_page.verify_login_successful_load_companies()\n  File \"/home/runner/work/cileasing-automated-tests-playwright/cileasing-automated-tests-playwright/utils/decorators.py\", line 38, in wrapper\n    result = func(*args, **kwargs)\n             ^^^^^^^^^^^^^^^^^^^^^\n  File \"/home/runner/work/cileasing-automated-tests-playwright/cileasing-automated-tests-playwright/pages/login_page.py\", line 63, in verify_login_successful_load_companies\n    self.verify_element_visible(LOGIN_PAGE.DEFAULT_COMPANY)\n  File \"/home/runner/work/cileasing-automated-tests-playwright/cileasing-automated-tests-playwright/utils/decorators.py\", line 38, in wrapper\n    result = func(*args, **kwargs)\n             ^^^^^^^^^^^^^^^^^^^^^\n  File \"/home/runner/work/cileasing-automated-tests-playwright/cileasing-automated-tests-playwright/pages/base_page.py\", line 294, in verify_element_visible\n    expect(self.page.locator(selector)).to_be_visible(timeout=timeout)\n  File \"/opt/hostedtoolcache/Python/3.11.14/x64/lib/python3.11/site-packages/playwright/sync_api/_generated.py\", line 20523, in to_be_visible\n    self._sync(self._impl_obj.to_be_visible(visible=visible, timeout=timeout))\n  File \"/opt/hostedtoolcache/Python/3.11.14/x64/lib/python3.11/site-packages/playwright/_impl/_sync_base.py\", line 115, in _sync\n    return task.result()\n           ^^^^^^^^^^^^^\n  File \"/opt/hostedtoolcache/Python/3.11.14/x64/lib/python3.11/site-packages/playwright/_impl/_assertions.py\", line 765, in to_be_visible\n    await self._expect_impl(\n  File \"/opt/hostedtoolcache/Python/3.11.14/x64/lib/python3.11/site-packages/playwright/_impl/_assertions.py\", line 85, in _expect_impl\n    raise AssertionError(\n","steps":[],"attachments":[],"parameters":[],"shouldDisplayMessage":true,"stepsCount":0,"attachmentsCount":0,"hasContent":true,"attachmentStep":false}],"testStage":{"description":"Test editing personal details with debugging","status":"failed","statusMessage":"AssertionError: Locator expected to be visible\nActual value: None\nError: element(s) not found \nCall log:\n  - Expect \"to_be_visible\" with timeout 5000ms\n  - waiting for locator(\"div.uppercase:has-text('DEFAULT')\")","statusTrace":"conftest.py:207: in authenticated_page\n    login_page.verify_login_successful_load_companies()\nutils/decorators.py:38: in wrapper\n    result = func(*args, **kwargs)\n             ^^^^^^^^^^^^^^^^^^^^^\npages/login_page.py:63: in verify_login_successful_load_companies\n    self.verify_element_visible(LOGIN_PAGE.DEFAULT_COMPANY)\nutils/decorators.py:38: in wrapper\n    result = func(*args, **kwargs)\n             ^^^^^^^^^^^^^^^^^^^^^\npages/base_page.py:294: in verify_element_visible\n    expect(self.page.locator(selector)).to_be_visible(timeout=timeout)\nE   AssertionError: Locator expected to be visible\nE   Actual value: None\nE   Error: element(s) not found \nE   Call log:\nE     - Expect \"to_be_visible\" with timeout 5000ms\nE     - waiting for locator(\"div.uppercase:has-text('DEFAULT')\")","steps":[],"attachments":[{"uid":"2175ec13dd09a9ce","name":"log","source":"2175ec13dd09a9ce.txt","type":"text/plain","size":9541}],"parameters":[],"shouldDisplayMessage":true,"stepsCount":0,"attachmentsCount":1,"hasContent":true,"attachmentStep":false},"afterStages":[{"name":"page::0","time":{"start":1771388674091,"stop":1771388674094,"duration":3},"status":"passed","steps":[],"attachments":[],"parameters":[],"shouldDisplayMessage":false,"stepsCount":0,"attachmentsCount":0,"hasContent":false,"attachmentStep":false},{"name":"context::0","time":{"start":1771388674094,"stop":1771388674098,"duration":4},"status":"passed","steps":[],"attachments":[],"parameters":[],"shouldDisplayMessage":false,"stepsCount":0,"attachmentsCount":0,"hasContent":false,"attachmentStep":false},{"name":"log_test_info::0","time":{"start":1771388674098,"stop":1771388674099,"duration":1},"status":"passed","steps":[],"attachments":[],"parameters":[],"shouldDisplayMessage":false,"stepsCount":0,"attachmentsCount":0,"hasContent":false,"attachmentStep":false},{"name":"browser::0","time":{"start":1771388675748,"stop":1771388675773,"duration":25},"status":"passed","steps":[],"attachments":[],"parameters":[],"shouldDisplayMessage":false,"stepsCount":0,"attachmentsCount":0,"hasContent":false,"attachmentStep":false},{"name":"playwright_instance::0","time":{"start":1771388675774,"stop":1771388675788,"duration":14},"status":"passed","steps":[],"attachments":[],"parameters":[],"shouldDisplayMessage":false,"stepsCount":0,"attachmentsCount":0,"hasContent":false,"attachmentStep":false},{"name":"configure_logging::0","time":{"start":1771388675789,"stop":1771388675789,"duration":0},"status":"passed","steps":[],"attachments":[],"parameters":[],"shouldDisplayMessage":false,"stepsCount":0,"attachmentsCount":0,"hasContent":false,"attachmentStep":false}],"labels":[{"name":"tag","value":"regression"},{"name":"parentSuite","value":"tests_pages"},{"name":"suite","value":"test_self_service_personal_data"},{"name":"subSuite","value":"TestEditSelfServicePage"},{"name":"host","value":"runnervmjduv7"},{"name":"thread","value":"3095-MainThread"},{"name":"framework","value":"pytest"},{"name":"language","value":"cpython3"},{"name":"package","value":"tests_pages.test_self_service_personal_data"},{"name":"resultFormat","value":"allure2"}],"parameters":[],"links":[],"hidden":false,"retry":false,"extra":{"severity":"normal","retries":[],"categories":[{"name":"Product defects","matchedStatuses":[],"flaky":false}],"history":{"statistic":{"failed":8,"broken":0,"skipped":0,"passed":0,"unknown":0,"total":8},"items":[{"uid":"e26111c95140be41","status":"failed","statusDetails":"AssertionError: Locator expected to be visible\nActual value: None\nError: element(s) not found \nCall log:\n  - Expect \"to_be_visible\" with timeout 5000ms\n  - waiting for locator(\"div.uppercase:has-text('DEFAULT')\")","time":{"start":1771302183220,"stop":1771302183220,"duration":0}},{"uid":"1f7fd74df9dd94d4","status":"failed","statusDetails":"AssertionError: Locator expected to be visible\nActual value: None\nError: element(s) not found \nCall log:\n  - Expect \"to_be_visible\" with timeout 5000ms\n  - waiting for locator(\"div.uppercase:has-text('DEFAULT')\")","time":{"start":1771216086747,"stop":1771216086747,"duration":0}},{"uid":"fc52eac48803c804","status":"failed","statusDetails":"AssertionError: Locator expected to be visible\nActual value: None\nError: element(s) not found \nCall log:\n  - Expect \"to_be_visible\" with timeout 5000ms\n  - waiting for locator(\"div.uppercase:has-text('DEFAULT')\")","time":{"start":1771129481148,"stop":1771129481148,"duration":0}},{"uid":"bc7b7995a25f82e6","status":"failed","statusDetails":"AssertionError: Locator expected to be visible\nActual value: None\nError: element(s) not found \nCall log:\n  - Expect \"to_be_visible\" with timeout 5000ms\n  - waiting for locator(\"div.uppercase:has-text('DEFAULT')\")","time":{"start":1771042348508,"stop":1771042348508,"duration":0}},{"uid":"dc1075414a64a3a6","status":"failed","statusDetails":"AssertionError: Locator expected to be visible\nActual value: None\nError: element(s) not found \nCall log:\n  - Expect \"to_be_visible\" with timeout 5000ms\n  - waiting for locator(\"div.uppercase:has-text('DEFAULT')\")","time":{"start":1770956644556,"stop":1770956644556,"duration":0}},{"uid":"db02343ee504e41d","status":"failed","statusDetails":"AssertionError: Locator expected to be visible\nActual value: None\nError: element(s) not found \nCall log:\n  - Expect \"to_be_visible\" with timeout 5000ms\n  - waiting for locator(\"div.uppercase:has-text('DEFAULT')\")","time":{"start":1770926290389,"stop":1770926290389,"duration":0}},{"uid":"3bf506c729c6d16d","status":"failed","statusDetails":"AssertionError: Locator expected to be visible\nActual value: None\nError: element(s) not found \nCall log:\n  - Expect \"to_be_visible\" with timeout 5000ms\n  - waiting for locator(\"div.uppercase:has-text('DEFAULT')\")","time":{"start":1770911988504,"stop":1770911988504,"duration":0}}]},"tags":["regression"]},"source":"904fd3def0b8e5a8.json","parameterValues":[]}