{"uid":"9c19b77623dc3ac0","name":"test_to_edit_new_emergency_contact","fullName":"tests_pages.test_self_service_emergency_contact.TestEmergencyContactPage#test_to_edit_new_emergency_contact","historyId":"ac615bc06726da507c4e7abe534908e4","time":{"start":1771412047187,"stop":1771412047187,"duration":0},"description":"Test edit emergency contact with debugging","descriptionHtml":"<p>Test edit emergency contact with debugging</p>\n","status":"failed","statusMessage":"AssertionError: Locator expected to be visible\nActual value: None\nError: element(s) not found \nCall log:\n  - Expect \"to_be_visible\" with timeout 5000ms\n  - waiting for locator(\"div.uppercase:has-text('DEFAULT')\")","statusTrace":"conftest.py:207: in authenticated_page\n    login_page.verify_login_successful_load_companies()\nutils/decorators.py:38: in wrapper\n    result = func(*args, **kwargs)\n             ^^^^^^^^^^^^^^^^^^^^^\npages/login_page.py:63: in verify_login_successful_load_companies\n    self.verify_element_visible(LOGIN_PAGE.DEFAULT_COMPANY)\nutils/decorators.py:38: in wrapper\n    result = func(*args, **kwargs)\n             ^^^^^^^^^^^^^^^^^^^^^\npages/base_page.py:298: in verify_element_visible\n    expect(self.page.locator(selector)).to_be_visible(timeout=timeout)\nE   AssertionError: Locator expected to be visible\nE   Actual value: None\nE   Error: element(s) not found \nE   Call log:\nE     - Expect \"to_be_visible\" with timeout 5000ms\nE     - waiting for locator(\"div.uppercase:has-text('DEFAULT')\")","flaky":false,"newFailed":false,"newBroken":false,"newPassed":false,"retriesCount":0,"retriesStatusChange":false,"beforeStages":[{"name":"base_url","time":{"start":1771411998961,"stop":1771411998961,"duration":0},"status":"passed","steps":[],"attachments":[],"parameters":[],"shouldDisplayMessage":false,"stepsCount":0,"attachmentsCount":0,"hasContent":false,"attachmentStep":false},{"name":"_verify_url","time":{"start":1771411998961,"stop":1771411998962,"duration":1},"status":"passed","steps":[],"attachments":[],"parameters":[],"shouldDisplayMessage":false,"stepsCount":0,"attachmentsCount":0,"hasContent":false,"attachmentStep":false},{"name":"pytestconfig","time":{"start":1771411998962,"stop":1771411998962,"duration":0},"status":"passed","steps":[],"attachments":[],"parameters":[],"shouldDisplayMessage":false,"stepsCount":0,"attachmentsCount":0,"hasContent":false,"attachmentStep":false},{"name":"delete_output_dir","time":{"start":1771411998962,"stop":1771411998962,"duration":0},"status":"passed","steps":[],"attachments":[],"parameters":[],"shouldDisplayMessage":false,"stepsCount":0,"attachmentsCount":0,"hasContent":false,"attachmentStep":false},{"name":"configure_logging","time":{"start":1771411998962,"stop":1771411998963,"duration":1},"status":"passed","steps":[],"attachments":[],"parameters":[],"shouldDisplayMessage":false,"stepsCount":0,"attachmentsCount":0,"hasContent":false,"attachmentStep":false},{"name":"playwright_instance","time":{"start":1771411998963,"stop":1771411999352,"duration":389},"status":"passed","steps":[],"attachments":[],"parameters":[],"shouldDisplayMessage":false,"stepsCount":0,"attachmentsCount":0,"hasContent":false,"attachmentStep":false},{"name":"browser","time":{"start":1771411999352,"stop":1771411999544,"duration":192},"status":"passed","steps":[],"attachments":[],"parameters":[],"shouldDisplayMessage":false,"stepsCount":0,"attachmentsCount":0,"hasContent":false,"attachmentStep":false},{"name":"log_test_info","time":{"start":1771412047188,"stop":1771412047188,"duration":0},"status":"passed","steps":[],"attachments":[],"parameters":[],"shouldDisplayMessage":false,"stepsCount":0,"attachmentsCount":0,"hasContent":false,"attachmentStep":false},{"name":"context","time":{"start":1771412047188,"stop":1771412047193,"duration":5},"status":"passed","steps":[],"attachments":[],"parameters":[],"shouldDisplayMessage":false,"stepsCount":0,"attachmentsCount":0,"hasContent":false,"attachmentStep":false},{"name":"page","time":{"start":1771412047193,"stop":1771412047219,"duration":26},"status":"passed","steps":[],"attachments":[],"parameters":[],"shouldDisplayMessage":false,"stepsCount":0,"attachmentsCount":0,"hasContent":false,"attachmentStep":false},{"name":"authenticated_page","time":{"start":1771412047219,"stop":1771412053908,"duration":6689},"status":"failed","statusMessage":"AssertionError: Locator expected to be visible\nActual value: None\nError: element(s) not found \nCall log:\n  - Expect \"to_be_visible\" with timeout 5000ms\n  - waiting for locator(\"div.uppercase:has-text('DEFAULT')\")\n\n","statusTrace":"  File \"/opt/hostedtoolcache/Python/3.11.14/x64/lib/python3.11/site-packages/pluggy/_callers.py\", line 38, in run_old_style_hookwrapper\n    res = yield\n          ^^^^^\n  File \"/opt/hostedtoolcache/Python/3.11.14/x64/lib/python3.11/site-packages/pluggy/_callers.py\", line 139, in _multicall\n    teardown.throw(exception)\n  File \"/opt/hostedtoolcache/Python/3.11.14/x64/lib/python3.11/site-packages/_pytest/setuponly.py\", line 36, in pytest_fixture_setup\n    return (yield)\n            ^^^^^\n  File \"/opt/hostedtoolcache/Python/3.11.14/x64/lib/python3.11/site-packages/pluggy/_callers.py\", line 121, in _multicall\n    res = hook_impl.function(*args)\n          ^^^^^^^^^^^^^^^^^^^^^^^^^\n  File \"/opt/hostedtoolcache/Python/3.11.14/x64/lib/python3.11/site-packages/_pytest/fixtures.py\", line 1202, in pytest_fixture_setup\n    result = call_fixture_func(fixturefunc, request, kwargs)\n             ^^^^^^^^^^^^^^^^^^^^^^^^^^^^^^^^^^^^^^^^^^^^^^^\n  File \"/opt/hostedtoolcache/Python/3.11.14/x64/lib/python3.11/site-packages/_pytest/fixtures.py\", line 908, in call_fixture_func\n    fixture_result = next(generator)\n                     ^^^^^^^^^^^^^^^\n  File \"/home/runner/work/cileasing-automated-tests-playwright/cileasing-automated-tests-playwright/conftest.py\", line 207, in authenticated_page\n    login_page.verify_login_successful_load_companies()\n  File \"/home/runner/work/cileasing-automated-tests-playwright/cileasing-automated-tests-playwright/utils/decorators.py\", line 38, in wrapper\n    result = func(*args, **kwargs)\n             ^^^^^^^^^^^^^^^^^^^^^\n  File \"/home/runner/work/cileasing-automated-tests-playwright/cileasing-automated-tests-playwright/pages/login_page.py\", line 63, in verify_login_successful_load_companies\n    self.verify_element_visible(LOGIN_PAGE.DEFAULT_COMPANY)\n  File \"/home/runner/work/cileasing-automated-tests-playwright/cileasing-automated-tests-playwright/utils/decorators.py\", line 38, in wrapper\n    result = func(*args, **kwargs)\n             ^^^^^^^^^^^^^^^^^^^^^\n  File \"/home/runner/work/cileasing-automated-tests-playwright/cileasing-automated-tests-playwright/pages/base_page.py\", line 298, in verify_element_visible\n    expect(self.page.locator(selector)).to_be_visible(timeout=timeout)\n  File \"/opt/hostedtoolcache/Python/3.11.14/x64/lib/python3.11/site-packages/playwright/sync_api/_generated.py\", line 20523, in to_be_visible\n    self._sync(self._impl_obj.to_be_visible(visible=visible, timeout=timeout))\n  File \"/opt/hostedtoolcache/Python/3.11.14/x64/lib/python3.11/site-packages/playwright/_impl/_sync_base.py\", line 115, in _sync\n    return task.result()\n           ^^^^^^^^^^^^^\n  File \"/opt/hostedtoolcache/Python/3.11.14/x64/lib/python3.11/site-packages/playwright/_impl/_assertions.py\", line 765, in to_be_visible\n    await self._expect_impl(\n  File \"/opt/hostedtoolcache/Python/3.11.14/x64/lib/python3.11/site-packages/playwright/_impl/_assertions.py\", line 85, in _expect_impl\n    raise AssertionError(\n","steps":[],"attachments":[],"parameters":[],"shouldDisplayMessage":true,"stepsCount":0,"attachmentsCount":0,"hasContent":true,"attachmentStep":false}],"testStage":{"description":"Test edit emergency contact with debugging","status":"failed","statusMessage":"AssertionError: Locator expected to be visible\nActual value: None\nError: element(s) not found \nCall log:\n  - Expect \"to_be_visible\" with timeout 5000ms\n  - waiting for locator(\"div.uppercase:has-text('DEFAULT')\")","statusTrace":"conftest.py:207: in authenticated_page\n    login_page.verify_login_successful_load_companies()\nutils/decorators.py:38: in wrapper\n    result = func(*args, **kwargs)\n             ^^^^^^^^^^^^^^^^^^^^^\npages/login_page.py:63: in verify_login_successful_load_companies\n    self.verify_element_visible(LOGIN_PAGE.DEFAULT_COMPANY)\nutils/decorators.py:38: in wrapper\n    result = func(*args, **kwargs)\n             ^^^^^^^^^^^^^^^^^^^^^\npages/base_page.py:298: in verify_element_visible\n    expect(self.page.locator(selector)).to_be_visible(timeout=timeout)\nE   AssertionError: Locator expected to be visible\nE   Actual value: None\nE   Error: element(s) not found \nE   Call log:\nE     - Expect \"to_be_visible\" with timeout 5000ms\nE     - waiting for locator(\"div.uppercase:has-text('DEFAULT')\")","steps":[],"attachments":[{"uid":"11636652c51a9f21","name":"log","source":"11636652c51a9f21.txt","type":"text/plain","size":9557}],"parameters":[],"shouldDisplayMessage":true,"stepsCount":0,"attachmentsCount":1,"hasContent":true,"attachmentStep":false},"afterStages":[{"name":"page::0","time":{"start":1771412053928,"stop":1771412053931,"duration":3},"status":"passed","steps":[],"attachments":[],"parameters":[],"shouldDisplayMessage":false,"stepsCount":0,"attachmentsCount":0,"hasContent":false,"attachmentStep":false},{"name":"context::0","time":{"start":1771412053931,"stop":1771412053936,"duration":5},"status":"passed","steps":[],"attachments":[],"parameters":[],"shouldDisplayMessage":false,"stepsCount":0,"attachmentsCount":0,"hasContent":false,"attachmentStep":false},{"name":"log_test_info::0","time":{"start":1771412053936,"stop":1771412053937,"duration":1},"status":"passed","steps":[],"attachments":[],"parameters":[],"shouldDisplayMessage":false,"stepsCount":0,"attachmentsCount":0,"hasContent":false,"attachmentStep":false},{"name":"browser::0","time":{"start":1771412061991,"stop":1771412062020,"duration":29},"status":"passed","steps":[],"attachments":[],"parameters":[],"shouldDisplayMessage":false,"stepsCount":0,"attachmentsCount":0,"hasContent":false,"attachmentStep":false},{"name":"playwright_instance::0","time":{"start":1771412062020,"stop":1771412062031,"duration":11},"status":"passed","steps":[],"attachments":[],"parameters":[],"shouldDisplayMessage":false,"stepsCount":0,"attachmentsCount":0,"hasContent":false,"attachmentStep":false},{"name":"configure_logging::0","time":{"start":1771412062032,"stop":1771412062032,"duration":0},"status":"passed","steps":[],"attachments":[],"parameters":[],"shouldDisplayMessage":false,"stepsCount":0,"attachmentsCount":0,"hasContent":false,"attachmentStep":false}],"labels":[{"name":"tag","value":"regression"},{"name":"parentSuite","value":"tests_pages"},{"name":"suite","value":"test_self_service_emergency_contact"},{"name":"subSuite","value":"TestEmergencyContactPage"},{"name":"host","value":"runnervmjduv7"},{"name":"thread","value":"3101-MainThread"},{"name":"framework","value":"pytest"},{"name":"language","value":"cpython3"},{"name":"package","value":"tests_pages.test_self_service_emergency_contact"},{"name":"resultFormat","value":"allure2"}],"parameters":[],"links":[],"hidden":false,"retry":false,"extra":{"severity":"normal","retries":[],"categories":[{"name":"Product defects","matchedStatuses":[],"flaky":false}],"history":{"statistic":{"failed":9,"broken":0,"skipped":0,"passed":0,"unknown":0,"total":9},"items":[{"uid":"584e4856ac65835","status":"failed","statusDetails":"AssertionError: Locator expected to be visible\nActual value: None\nError: element(s) not found \nCall log:\n  - Expect \"to_be_visible\" with timeout 5000ms\n  - waiting for locator(\"div.uppercase:has-text('DEFAULT')\")","time":{"start":1771388659918,"stop":1771388659918,"duration":0}},{"uid":"99d9a4e029efd2b5","status":"failed","statusDetails":"AssertionError: Locator expected to be visible\nActual value: None\nError: element(s) not found \nCall log:\n  - Expect \"to_be_visible\" with timeout 5000ms\n  - waiting for locator(\"div.uppercase:has-text('DEFAULT')\")","time":{"start":1771302176170,"stop":1771302176170,"duration":0}},{"uid":"a4c82a7178bcd5c5","status":"failed","statusDetails":"AssertionError: Locator expected to be visible\nActual value: None\nError: element(s) not found \nCall log:\n  - Expect \"to_be_visible\" with timeout 5000ms\n  - waiting for locator(\"div.uppercase:has-text('DEFAULT')\")","time":{"start":1771216079923,"stop":1771216079923,"duration":0}},{"uid":"ca767c413cc7c7e7","status":"failed","statusDetails":"AssertionError: Locator expected to be visible\nActual value: None\nError: element(s) not found \nCall log:\n  - Expect \"to_be_visible\" with timeout 5000ms\n  - waiting for locator(\"div.uppercase:has-text('DEFAULT')\")","time":{"start":1771129474433,"stop":1771129474433,"duration":0}},{"uid":"7026de41f473a7e7","status":"failed","statusDetails":"AssertionError: Locator expected to be visible\nActual value: None\nError: element(s) not found \nCall log:\n  - Expect \"to_be_visible\" with timeout 5000ms\n  - waiting for locator(\"div.uppercase:has-text('DEFAULT')\")","time":{"start":1771042341791,"stop":1771042341791,"duration":0}},{"uid":"64745b07d93d8621","status":"failed","statusDetails":"AssertionError: Locator expected to be visible\nActual value: None\nError: element(s) not found \nCall log:\n  - Expect \"to_be_visible\" with timeout 5000ms\n  - waiting for locator(\"div.uppercase:has-text('DEFAULT')\")","time":{"start":1770956637590,"stop":1770956637590,"duration":0}},{"uid":"49466885da2b2c73","status":"failed","statusDetails":"AssertionError: Locator expected to be visible\nActual value: None\nError: element(s) not found \nCall log:\n  - Expect \"to_be_visible\" with timeout 5000ms\n  - waiting for locator(\"div.uppercase:has-text('DEFAULT')\")","time":{"start":1770926283286,"stop":1770926283286,"duration":0}},{"uid":"113bec4c66afdb96","status":"failed","statusDetails":"AssertionError: Locator expected to be visible\nActual value: None\nError: element(s) not found \nCall log:\n  - Expect \"to_be_visible\" with timeout 5000ms\n  - waiting for locator(\"div.uppercase:has-text('DEFAULT')\")","time":{"start":1770911981576,"stop":1770911981576,"duration":0}}]},"tags":["regression"]},"source":"9c19b77623dc3ac0.json","parameterValues":[]}