{"uid":"f0fb564b35e49826","name":"test_to_edit_identity","fullName":"tests_pages.test_identity.TestIdentityPage#test_to_edit_identity","historyId":"85cf1cb9f440072386039a132cffeb8b","time":{"start":1771302147972,"stop":1771302147972,"duration":0},"description":"Test editing personal details with debugging","descriptionHtml":"<p>Test editing personal details with debugging</p>\n","status":"failed","statusMessage":"AssertionError: Locator expected to be visible\nActual value: None\nError: element(s) not found \nCall log:\n  - Expect \"to_be_visible\" with timeout 5000ms\n  - waiting for locator(\"div.uppercase:has-text('DEFAULT')\")","statusTrace":"conftest.py:207: in authenticated_page\n    login_page.verify_login_successful_load_companies()\nutils/decorators.py:38: in wrapper\n    result = func(*args, **kwargs)\n             ^^^^^^^^^^^^^^^^^^^^^\npages/login_page.py:63: in verify_login_successful_load_companies\n    self.verify_element_visible(LOGIN_PAGE.DEFAULT_COMPANY)\nutils/decorators.py:38: in wrapper\n    result = func(*args, **kwargs)\n             ^^^^^^^^^^^^^^^^^^^^^\npages/base_page.py:294: in verify_element_visible\n    expect(self.page.locator(selector)).to_be_visible(timeout=timeout)\nE   AssertionError: Locator expected to be visible\nE   Actual value: None\nE   Error: element(s) not found \nE   Call log:\nE     - Expect \"to_be_visible\" with timeout 5000ms\nE     - waiting for locator(\"div.uppercase:has-text('DEFAULT')\")","flaky":false,"newFailed":false,"newBroken":false,"newPassed":false,"retriesCount":0,"retriesStatusChange":false,"beforeStages":[{"name":"base_url","time":{"start":1771302125089,"stop":1771302125089,"duration":0},"status":"passed","steps":[],"attachments":[],"parameters":[],"shouldDisplayMessage":false,"stepsCount":0,"attachmentsCount":0,"hasContent":false,"attachmentStep":false},{"name":"delete_output_dir","time":{"start":1771302125089,"stop":1771302125089,"duration":0},"status":"passed","steps":[],"attachments":[],"parameters":[],"shouldDisplayMessage":false,"stepsCount":0,"attachmentsCount":0,"hasContent":false,"attachmentStep":false},{"name":"pytestconfig","time":{"start":1771302125089,"stop":1771302125089,"duration":0},"status":"passed","steps":[],"attachments":[],"parameters":[],"shouldDisplayMessage":false,"stepsCount":0,"attachmentsCount":0,"hasContent":false,"attachmentStep":false},{"name":"configure_logging","time":{"start":1771302125089,"stop":1771302125090,"duration":1},"status":"passed","steps":[],"attachments":[],"parameters":[],"shouldDisplayMessage":false,"stepsCount":0,"attachmentsCount":0,"hasContent":false,"attachmentStep":false},{"name":"_verify_url","time":{"start":1771302125089,"stop":1771302125089,"duration":0},"status":"passed","steps":[],"attachments":[],"parameters":[],"shouldDisplayMessage":false,"stepsCount":0,"attachmentsCount":0,"hasContent":false,"attachmentStep":false},{"name":"playwright_instance","time":{"start":1771302125090,"stop":1771302125476,"duration":386},"status":"passed","steps":[],"attachments":[],"parameters":[],"shouldDisplayMessage":false,"stepsCount":0,"attachmentsCount":0,"hasContent":false,"attachmentStep":false},{"name":"browser","time":{"start":1771302125476,"stop":1771302126432,"duration":956},"status":"passed","steps":[],"attachments":[],"parameters":[],"shouldDisplayMessage":false,"stepsCount":0,"attachmentsCount":0,"hasContent":false,"attachmentStep":false},{"name":"log_test_info","time":{"start":1771302147973,"stop":1771302147973,"duration":0},"status":"passed","steps":[],"attachments":[],"parameters":[],"shouldDisplayMessage":false,"stepsCount":0,"attachmentsCount":0,"hasContent":false,"attachmentStep":false},{"name":"context","time":{"start":1771302147973,"stop":1771302147977,"duration":4},"status":"passed","steps":[],"attachments":[],"parameters":[],"shouldDisplayMessage":false,"stepsCount":0,"attachmentsCount":0,"hasContent":false,"attachmentStep":false},{"name":"page","time":{"start":1771302147977,"stop":1771302148003,"duration":26},"status":"passed","steps":[],"attachments":[],"parameters":[],"shouldDisplayMessage":false,"stepsCount":0,"attachmentsCount":0,"hasContent":false,"attachmentStep":false},{"name":"authenticated_page","time":{"start":1771302148003,"stop":1771302155008,"duration":7005},"status":"failed","statusMessage":"AssertionError: Locator expected to be visible\nActual value: None\nError: element(s) not found \nCall log:\n  - Expect \"to_be_visible\" with timeout 5000ms\n  - waiting for locator(\"div.uppercase:has-text('DEFAULT')\")\n\n","statusTrace":"  File \"/opt/hostedtoolcache/Python/3.11.14/x64/lib/python3.11/site-packages/pluggy/_callers.py\", line 38, in run_old_style_hookwrapper\n    res = yield\n          ^^^^^\n  File \"/opt/hostedtoolcache/Python/3.11.14/x64/lib/python3.11/site-packages/pluggy/_callers.py\", line 139, in _multicall\n    teardown.throw(exception)\n  File \"/opt/hostedtoolcache/Python/3.11.14/x64/lib/python3.11/site-packages/_pytest/setuponly.py\", line 36, in pytest_fixture_setup\n    return (yield)\n            ^^^^^\n  File \"/opt/hostedtoolcache/Python/3.11.14/x64/lib/python3.11/site-packages/pluggy/_callers.py\", line 121, in _multicall\n    res = hook_impl.function(*args)\n          ^^^^^^^^^^^^^^^^^^^^^^^^^\n  File \"/opt/hostedtoolcache/Python/3.11.14/x64/lib/python3.11/site-packages/_pytest/fixtures.py\", line 1202, in pytest_fixture_setup\n    result = call_fixture_func(fixturefunc, request, kwargs)\n             ^^^^^^^^^^^^^^^^^^^^^^^^^^^^^^^^^^^^^^^^^^^^^^^\n  File \"/opt/hostedtoolcache/Python/3.11.14/x64/lib/python3.11/site-packages/_pytest/fixtures.py\", line 908, in call_fixture_func\n    fixture_result = next(generator)\n                     ^^^^^^^^^^^^^^^\n  File \"/home/runner/work/cileasing-automated-tests-playwright/cileasing-automated-tests-playwright/conftest.py\", line 207, in authenticated_page\n    login_page.verify_login_successful_load_companies()\n  File \"/home/runner/work/cileasing-automated-tests-playwright/cileasing-automated-tests-playwright/utils/decorators.py\", line 38, in wrapper\n    result = func(*args, **kwargs)\n             ^^^^^^^^^^^^^^^^^^^^^\n  File \"/home/runner/work/cileasing-automated-tests-playwright/cileasing-automated-tests-playwright/pages/login_page.py\", line 63, in verify_login_successful_load_companies\n    self.verify_element_visible(LOGIN_PAGE.DEFAULT_COMPANY)\n  File \"/home/runner/work/cileasing-automated-tests-playwright/cileasing-automated-tests-playwright/utils/decorators.py\", line 38, in wrapper\n    result = func(*args, **kwargs)\n             ^^^^^^^^^^^^^^^^^^^^^\n  File \"/home/runner/work/cileasing-automated-tests-playwright/cileasing-automated-tests-playwright/pages/base_page.py\", line 294, in verify_element_visible\n    expect(self.page.locator(selector)).to_be_visible(timeout=timeout)\n  File \"/opt/hostedtoolcache/Python/3.11.14/x64/lib/python3.11/site-packages/playwright/sync_api/_generated.py\", line 20523, in to_be_visible\n    self._sync(self._impl_obj.to_be_visible(visible=visible, timeout=timeout))\n  File \"/opt/hostedtoolcache/Python/3.11.14/x64/lib/python3.11/site-packages/playwright/_impl/_sync_base.py\", line 115, in _sync\n    return task.result()\n           ^^^^^^^^^^^^^\n  File \"/opt/hostedtoolcache/Python/3.11.14/x64/lib/python3.11/site-packages/playwright/_impl/_assertions.py\", line 765, in to_be_visible\n    await self._expect_impl(\n  File \"/opt/hostedtoolcache/Python/3.11.14/x64/lib/python3.11/site-packages/playwright/_impl/_assertions.py\", line 85, in _expect_impl\n    raise AssertionError(\n","steps":[],"attachments":[],"parameters":[],"shouldDisplayMessage":true,"stepsCount":0,"attachmentsCount":0,"hasContent":true,"attachmentStep":false}],"testStage":{"description":"Test editing personal details with debugging","status":"failed","statusMessage":"AssertionError: Locator expected to be visible\nActual value: None\nError: element(s) not found \nCall log:\n  - Expect \"to_be_visible\" with timeout 5000ms\n  - waiting for locator(\"div.uppercase:has-text('DEFAULT')\")","statusTrace":"conftest.py:207: in authenticated_page\n    login_page.verify_login_successful_load_companies()\nutils/decorators.py:38: in wrapper\n    result = func(*args, **kwargs)\n             ^^^^^^^^^^^^^^^^^^^^^\npages/login_page.py:63: in verify_login_successful_load_companies\n    self.verify_element_visible(LOGIN_PAGE.DEFAULT_COMPANY)\nutils/decorators.py:38: in wrapper\n    result = func(*args, **kwargs)\n             ^^^^^^^^^^^^^^^^^^^^^\npages/base_page.py:294: in verify_element_visible\n    expect(self.page.locator(selector)).to_be_visible(timeout=timeout)\nE   AssertionError: Locator expected to be visible\nE   Actual value: None\nE   Error: element(s) not found \nE   Call log:\nE     - Expect \"to_be_visible\" with timeout 5000ms\nE     - waiting for locator(\"div.uppercase:has-text('DEFAULT')\")","steps":[],"attachments":[{"uid":"5b0ff7593e092221","name":"log","source":"5b0ff7593e092221.txt","type":"text/plain","size":9531}],"parameters":[],"shouldDisplayMessage":true,"stepsCount":0,"attachmentsCount":1,"hasContent":true,"attachmentStep":false},"afterStages":[{"name":"page::0","time":{"start":1771302155028,"stop":1771302155031,"duration":3},"status":"passed","steps":[],"attachments":[],"parameters":[],"shouldDisplayMessage":false,"stepsCount":0,"attachmentsCount":0,"hasContent":false,"attachmentStep":false},{"name":"context::0","time":{"start":1771302155031,"stop":1771302155035,"duration":4},"status":"passed","steps":[],"attachments":[],"parameters":[],"shouldDisplayMessage":false,"stepsCount":0,"attachmentsCount":0,"hasContent":false,"attachmentStep":false},{"name":"log_test_info::0","time":{"start":1771302155035,"stop":1771302155035,"duration":0},"status":"passed","steps":[],"attachments":[],"parameters":[],"shouldDisplayMessage":false,"stepsCount":0,"attachmentsCount":0,"hasContent":false,"attachmentStep":false},{"name":"browser::0","time":{"start":1771302191803,"stop":1771302191832,"duration":29},"status":"passed","steps":[],"attachments":[],"parameters":[],"shouldDisplayMessage":false,"stepsCount":0,"attachmentsCount":0,"hasContent":false,"attachmentStep":false},{"name":"playwright_instance::0","time":{"start":1771302191833,"stop":1771302191845,"duration":12},"status":"passed","steps":[],"attachments":[],"parameters":[],"shouldDisplayMessage":false,"stepsCount":0,"attachmentsCount":0,"hasContent":false,"attachmentStep":false},{"name":"configure_logging::0","time":{"start":1771302191846,"stop":1771302191846,"duration":0},"status":"passed","steps":[],"attachments":[],"parameters":[],"shouldDisplayMessage":false,"stepsCount":0,"attachmentsCount":0,"hasContent":false,"attachmentStep":false}],"labels":[{"name":"tag","value":"regression"},{"name":"parentSuite","value":"tests_pages"},{"name":"suite","value":"test_identity"},{"name":"subSuite","value":"TestIdentityPage"},{"name":"host","value":"runnervmjduv7"},{"name":"thread","value":"3037-MainThread"},{"name":"framework","value":"pytest"},{"name":"language","value":"cpython3"},{"name":"package","value":"tests_pages.test_identity"},{"name":"resultFormat","value":"allure2"}],"parameters":[],"links":[],"hidden":false,"retry":false,"extra":{"severity":"normal","retries":[],"categories":[{"name":"Product defects","matchedStatuses":[],"flaky":false}],"history":{"statistic":{"failed":7,"broken":0,"skipped":0,"passed":0,"unknown":0,"total":7},"items":[{"uid":"f0776c11eff6148b","status":"failed","statusDetails":"AssertionError: Locator expected to be visible\nActual value: None\nError: element(s) not found \nCall log:\n  - Expect \"to_be_visible\" with timeout 5000ms\n  - waiting for locator(\"div.uppercase:has-text('DEFAULT')\")","time":{"start":1771216052158,"stop":1771216052158,"duration":0}},{"uid":"b3f6766544741cd7","status":"failed","statusDetails":"AssertionError: Locator expected to be visible\nActual value: None\nError: element(s) not found \nCall log:\n  - Expect \"to_be_visible\" with timeout 5000ms\n  - waiting for locator(\"div.uppercase:has-text('DEFAULT')\")","time":{"start":1771129447487,"stop":1771129447487,"duration":0}},{"uid":"66256c48b6d187e1","status":"failed","statusDetails":"AssertionError: Locator expected to be visible\nActual value: None\nError: element(s) not found \nCall log:\n  - Expect \"to_be_visible\" with timeout 5000ms\n  - waiting for locator(\"div.uppercase:has-text('DEFAULT')\")","time":{"start":1771042314844,"stop":1771042314844,"duration":0}},{"uid":"2b4be47fb10238ec","status":"failed","statusDetails":"AssertionError: Locator expected to be visible\nActual value: None\nError: element(s) not found \nCall log:\n  - Expect \"to_be_visible\" with timeout 5000ms\n  - waiting for locator(\"div.uppercase:has-text('DEFAULT')\")","time":{"start":1770956609510,"stop":1770956609510,"duration":0}},{"uid":"d027b0a2216c2b8a","status":"failed","statusDetails":"AssertionError: Locator expected to be visible\nActual value: None\nError: element(s) not found \nCall log:\n  - Expect \"to_be_visible\" with timeout 5000ms\n  - waiting for locator(\"div.uppercase:has-text('DEFAULT')\")","time":{"start":1770926255006,"stop":1770926255006,"duration":0}},{"uid":"5486050e21610f76","status":"failed","statusDetails":"AssertionError: Locator expected to be visible\nActual value: None\nError: element(s) not found \nCall log:\n  - Expect \"to_be_visible\" with timeout 5000ms\n  - waiting for locator(\"div.uppercase:has-text('DEFAULT')\")","time":{"start":1770911951477,"stop":1770911951477,"duration":0}}]},"tags":["regression"]},"source":"f0fb564b35e49826.json","parameterValues":[]}