{"uid":"f2a495f2fa788a","name":"test_to_edit_bank_details","fullName":"tests_pages.test_self_service_bank_details.TestAddBankDetailsPage#test_to_edit_bank_details","historyId":"8845b67627b47b31c0c72b351d830427","time":{"start":1771474938255,"stop":1771474978142,"duration":39887},"description":"Test editing personal details with debugging","descriptionHtml":"<p>Test editing personal details with debugging</p>\n","status":"failed","statusMessage":"AssertionError: Locator expected to be enabled\nActual value: disabled \nCall log:\n  - Expect \"to_be_enabled\" with timeout 30000ms\n  - waiting for locator(\"button:has-text('Save Changes')\")\n    34 × locator resolved to <button disabled type=\"submit\" buttontype=\"primary\" class=\"sc-jUkaYT kfipNq\">Save Changes</button>\n       - unexpected value \"disabled\"","statusTrace":"tests_pages/test_self_service_bank_details.py:96: in test_to_edit_bank_details\n    edit_bank_details_page.edit_bank_details()\nutils/decorators.py:38: in wrapper\n    result = func(*args, **kwargs)\n             ^^^^^^^^^^^^^^^^^^^^^\npages/edit_bank_details_page.py:45: in edit_bank_details\n    self.click_element(EDIT_BANK_DETAILS_PAGE.EDIT_SUBMIT_BUTTON)\nutils/decorators.py:38: in wrapper\n    result = func(*args, **kwargs)\n             ^^^^^^^^^^^^^^^^^^^^^\npages/base_page.py:88: in click_element\n    expect(locator).to_be_enabled(timeout=timeout)\nE   AssertionError: Locator expected to be enabled\nE   Actual value: disabled \nE   Call log:\nE     - Expect \"to_be_enabled\" with timeout 30000ms\nE     - waiting for locator(\"button:has-text('Save Changes')\")\nE       34 × locator resolved to <button disabled type=\"submit\" buttontype=\"primary\" class=\"sc-jUkaYT kfipNq\">Save Changes</button>\nE          - unexpected value \"disabled\"","flaky":true,"newFailed":true,"newBroken":false,"newPassed":false,"retriesCount":0,"retriesStatusChange":false,"beforeStages":[{"name":"_verify_url","time":{"start":1771474928288,"stop":1771474928288,"duration":0},"status":"passed","steps":[],"attachments":[],"parameters":[],"shouldDisplayMessage":false,"stepsCount":0,"attachmentsCount":0,"hasContent":false,"attachmentStep":false},{"name":"base_url","time":{"start":1771474928288,"stop":1771474928288,"duration":0},"status":"passed","steps":[],"attachments":[],"parameters":[],"shouldDisplayMessage":false,"stepsCount":0,"attachmentsCount":0,"hasContent":false,"attachmentStep":false},{"name":"configure_logging","time":{"start":1771474928289,"stop":1771474928290,"duration":1},"status":"passed","steps":[],"attachments":[],"parameters":[],"shouldDisplayMessage":false,"stepsCount":0,"attachmentsCount":0,"hasContent":false,"attachmentStep":false},{"name":"delete_output_dir","time":{"start":1771474928289,"stop":1771474928289,"duration":0},"status":"passed","steps":[],"attachments":[],"parameters":[],"shouldDisplayMessage":false,"stepsCount":0,"attachmentsCount":0,"hasContent":false,"attachmentStep":false},{"name":"pytestconfig","time":{"start":1771474928289,"stop":1771474928289,"duration":0},"status":"passed","steps":[],"attachments":[],"parameters":[],"shouldDisplayMessage":false,"stepsCount":0,"attachmentsCount":0,"hasContent":false,"attachmentStep":false},{"name":"playwright_instance","time":{"start":1771474928290,"stop":1771474928977,"duration":687},"status":"passed","steps":[],"attachments":[],"parameters":[],"shouldDisplayMessage":false,"stepsCount":0,"attachmentsCount":0,"hasContent":false,"attachmentStep":false},{"name":"browser","time":{"start":1771474928978,"stop":1771474930098,"duration":1120},"status":"passed","steps":[],"attachments":[],"parameters":[],"shouldDisplayMessage":false,"stepsCount":0,"attachmentsCount":0,"hasContent":false,"attachmentStep":false},{"name":"context","time":{"start":1771474930099,"stop":1771474930118,"duration":19},"status":"passed","steps":[],"attachments":[],"parameters":[],"shouldDisplayMessage":false,"stepsCount":0,"attachmentsCount":0,"hasContent":false,"attachmentStep":false},{"name":"log_test_info","time":{"start":1771474930099,"stop":1771474930099,"duration":0},"status":"passed","steps":[],"attachments":[],"parameters":[],"shouldDisplayMessage":false,"stepsCount":0,"attachmentsCount":0,"hasContent":false,"attachmentStep":false},{"name":"page","time":{"start":1771474930118,"stop":1771474930208,"duration":90},"status":"passed","steps":[],"attachments":[],"parameters":[],"shouldDisplayMessage":false,"stepsCount":0,"attachmentsCount":0,"hasContent":false,"attachmentStep":false},{"name":"authenticated_page","time":{"start":1771474930208,"stop":1771474938250,"duration":8042},"status":"passed","steps":[],"attachments":[],"parameters":[],"shouldDisplayMessage":false,"stepsCount":0,"attachmentsCount":0,"hasContent":false,"attachmentStep":false},{"name":"setup","time":{"start":1771474938250,"stop":1771474938250,"duration":0},"status":"passed","steps":[],"attachments":[],"parameters":[],"shouldDisplayMessage":false,"stepsCount":0,"attachmentsCount":0,"hasContent":false,"attachmentStep":false},{"name":"setup_test_logging","time":{"start":1771474938250,"stop":1771474938251,"duration":1},"status":"passed","steps":[],"attachments":[],"parameters":[],"shouldDisplayMessage":false,"stepsCount":0,"attachmentsCount":0,"hasContent":false,"attachmentStep":false}],"testStage":{"description":"Test editing personal details with debugging","status":"failed","statusMessage":"AssertionError: Locator expected to be enabled\nActual value: disabled \nCall log:\n  - Expect \"to_be_enabled\" with timeout 30000ms\n  - waiting for locator(\"button:has-text('Save Changes')\")\n    34 × locator resolved to <button disabled type=\"submit\" buttontype=\"primary\" class=\"sc-jUkaYT kfipNq\">Save Changes</button>\n       - unexpected value \"disabled\"","statusTrace":"tests_pages/test_self_service_bank_details.py:96: in test_to_edit_bank_details\n    edit_bank_details_page.edit_bank_details()\nutils/decorators.py:38: in wrapper\n    result = func(*args, **kwargs)\n             ^^^^^^^^^^^^^^^^^^^^^\npages/edit_bank_details_page.py:45: in edit_bank_details\n    self.click_element(EDIT_BANK_DETAILS_PAGE.EDIT_SUBMIT_BUTTON)\nutils/decorators.py:38: in wrapper\n    result = func(*args, **kwargs)\n             ^^^^^^^^^^^^^^^^^^^^^\npages/base_page.py:88: in click_element\n    expect(locator).to_be_enabled(timeout=timeout)\nE   AssertionError: Locator expected to be enabled\nE   Actual value: disabled \nE   Call log:\nE     - Expect \"to_be_enabled\" with timeout 30000ms\nE     - waiting for locator(\"button:has-text('Save Changes')\")\nE       34 × locator resolved to <button disabled type=\"submit\" buttontype=\"primary\" class=\"sc-jUkaYT kfipNq\">Save Changes</button>\nE          - unexpected value \"disabled\"","steps":[],"attachments":[{"uid":"af6eb45314b48f14","name":"log","source":"af6eb45314b48f14.txt","type":"text/plain","size":28684}],"parameters":[],"shouldDisplayMessage":true,"stepsCount":0,"attachmentsCount":1,"hasContent":true,"attachmentStep":false},"afterStages":[{"name":"setup_test_logging::0","time":{"start":1771474978162,"stop":1771474978162,"duration":0},"status":"passed","steps":[],"attachments":[],"parameters":[],"shouldDisplayMessage":false,"stepsCount":0,"attachmentsCount":0,"hasContent":false,"attachmentStep":false},{"name":"authenticated_page::0","time":{"start":1771474978163,"stop":1771474988749,"duration":10586},"status":"passed","steps":[],"attachments":[],"parameters":[],"shouldDisplayMessage":false,"stepsCount":0,"attachmentsCount":0,"hasContent":false,"attachmentStep":false},{"name":"setup::0","time":{"start":1771474978163,"stop":1771474978163,"duration":0},"status":"passed","steps":[],"attachments":[],"parameters":[],"shouldDisplayMessage":false,"stepsCount":0,"attachmentsCount":0,"hasContent":false,"attachmentStep":false},{"name":"page::0","time":{"start":1771474988750,"stop":1771474988754,"duration":4},"status":"passed","steps":[],"attachments":[],"parameters":[],"shouldDisplayMessage":false,"stepsCount":0,"attachmentsCount":0,"hasContent":false,"attachmentStep":false},{"name":"context::0","time":{"start":1771474988755,"stop":1771474988762,"duration":7},"status":"passed","steps":[],"attachments":[],"parameters":[],"shouldDisplayMessage":false,"stepsCount":0,"attachmentsCount":0,"hasContent":false,"attachmentStep":false},{"name":"log_test_info::0","time":{"start":1771474988762,"stop":1771474988763,"duration":1},"status":"passed","steps":[],"attachments":[],"parameters":[],"shouldDisplayMessage":false,"stepsCount":0,"attachmentsCount":0,"hasContent":false,"attachmentStep":false},{"name":"browser::0","time":{"start":1771474994895,"stop":1771474994924,"duration":29},"status":"passed","steps":[],"attachments":[],"parameters":[],"shouldDisplayMessage":false,"stepsCount":0,"attachmentsCount":0,"hasContent":false,"attachmentStep":false},{"name":"playwright_instance::0","time":{"start":1771474994924,"stop":1771474994937,"duration":13},"status":"passed","steps":[],"attachments":[],"parameters":[],"shouldDisplayMessage":false,"stepsCount":0,"attachmentsCount":0,"hasContent":false,"attachmentStep":false},{"name":"configure_logging::0","time":{"start":1771474994938,"stop":1771474994938,"duration":0},"status":"passed","steps":[],"attachments":[],"parameters":[],"shouldDisplayMessage":false,"stepsCount":0,"attachmentsCount":0,"hasContent":false,"attachmentStep":false}],"labels":[{"name":"tag","value":"regression"},{"name":"parentSuite","value":"tests_pages"},{"name":"suite","value":"test_self_service_bank_details"},{"name":"subSuite","value":"TestAddBankDetailsPage"},{"name":"host","value":"runnervmjduv7"},{"name":"thread","value":"3127-MainThread"},{"name":"framework","value":"pytest"},{"name":"language","value":"cpython3"},{"name":"package","value":"tests_pages.test_self_service_bank_details"},{"name":"resultFormat","value":"allure2"}],"parameters":[],"links":[],"hidden":false,"retry":false,"extra":{"severity":"normal","retries":[],"categories":[{"name":"Product defects","matchedStatuses":[],"flaky":false}],"history":{"statistic":{"failed":13,"broken":3,"skipped":0,"passed":2,"unknown":0,"total":18},"items":[{"uid":"45179080bce5e82a","status":"passed","time":{"start":1771426001610,"stop":1771426011387,"duration":9777}},{"uid":"e231b8bdc130345f","status":"failed","statusDetails":"AssertionError: Locator expected to have Value 're.compile('^.{10}$')'\nActual value:  \nCall log:\n  - Expect \"to_have_value\" with timeout 5000ms\n  - waiting for locator(\"input[name=\\\"financialInstitutionId\\\"]\")\n    9 × locator resolved to <input value=\"\" type=\"text\" name=\"financialInstitutionId\" class=\"ant-input ant-input-lg css-1ft25a2 ant-input-outlined w-full\"/>\n      - unexpected value \"\"","time":{"start":1771425762599,"stop":1771425776518,"duration":13919}},{"uid":"b41cdef54ec1643","status":"passed","time":{"start":1771423950200,"stop":1771423959314,"duration":9114}},{"uid":"3ed0da1d81fd4cd9","status":"failed","statusDetails":"AssertionError: Locator expected to have Value 're.compile('^.{10}$')'\nActual value:  \nCall log:\n  - Expect \"to_have_value\" with timeout 5000ms\n  - waiting for locator(\"input[name=\\\"financialInstitutionId\\\"]\")\n    9 × locator resolved to <input value=\"\" type=\"text\" name=\"financialInstitutionId\" class=\"ant-input ant-input-lg css-1ft25a2 ant-input-outlined w-full\"/>\n      - unexpected value \"\"","time":{"start":1771423383372,"stop":1771423395777,"duration":12405}},{"uid":"a84df02d54c3caa","status":"failed","statusDetails":"AssertionError: Locator expected to have Value 're.compile('^.{10}$')'\nActual value: UNAFNGLA228 \nCall log:\n  - Expect \"to_have_value\" with timeout 5000ms\n  - waiting for locator(\"input[name=\\\"financialInstitutionId\\\"]\")\n    9 × locator resolved to <input type=\"text\" value=\"UNAFNGLA228\" name=\"financialInstitutionId\" class=\"ant-input ant-input-lg css-1ft25a2 ant-input-outlined w-full\"/>\n      - unexpected value \"UNAFNGLA228\"","time":{"start":1771421961493,"stop":1771421976470,"duration":14977}},{"uid":"3559a5b76a140028","status":"broken","statusDetails":"playwright._impl._errors.TimeoutError: Locator.wait_for: Timeout 30000ms exceeded.\nCall log:\n  - waiting for locator(\"button:has-text('Bank Details')\") to be visible\n    65 × locator resolved to hidden <button class=\"bg-transparent text-label flex items-center whitespace-nowrap text-left w-full px-2 py-3 text-[11px] rounded\">…</button>","time":{"start":1771417858017,"stop":1771417888122,"duration":30105}},{"uid":"2049bd19055fdff","status":"broken","statusDetails":"playwright._impl._errors.TimeoutError: Locator.wait_for: Timeout 30000ms exceeded.\nCall log:\n  - waiting for locator(\"button:has-text('Bank Details')\") to be visible\n    64 × locator resolved to hidden <button class=\"bg-transparent text-label flex items-center whitespace-nowrap text-left w-full px-2 py-3 text-[11px] rounded\">…</button>","time":{"start":1771416057244,"stop":1771416087372,"duration":30128}},{"uid":"591a86f5938463b0","status":"broken","statusDetails":"playwright._impl._errors.TimeoutError: Locator.wait_for: Timeout 30000ms exceeded.\nCall log:\n  - waiting for locator(\"button:has-text('Bank Details')\") to be visible\n    65 × locator resolved to hidden <button class=\"bg-transparent text-label flex items-center whitespace-nowrap text-left w-full px-2 py-3 text-[11px] rounded\">…</button>","time":{"start":1771413106540,"stop":1771413136628,"duration":30088}},{"uid":"a4affd246318d4a0","status":"failed","statusDetails":"AssertionError: Locator expected to be visible\nActual value: None\nError: element(s) not found \nCall log:\n  - Expect \"to_be_visible\" with timeout 5000ms\n  - waiting for locator(\"div.uppercase:has-text('DEFAULT')\")","time":{"start":1771412033736,"stop":1771412033736,"duration":0}},{"uid":"b2dc939e4e50cacf","status":"failed","statusDetails":"AssertionError: Locator expected to be visible\nActual value: None\nError: element(s) not found \nCall log:\n  - Expect \"to_be_visible\" with timeout 5000ms\n  - waiting for locator(\"div.uppercase:has-text('DEFAULT')\")","time":{"start":1771388645666,"stop":1771388645666,"duration":0}},{"uid":"6267a2b966b1c923","status":"failed","statusDetails":"AssertionError: Locator expected to be visible\nActual value: None\nError: element(s) not found \nCall log:\n  - Expect \"to_be_visible\" with timeout 5000ms\n  - waiting for locator(\"div.uppercase:has-text('DEFAULT')\")","time":{"start":1771302162054,"stop":1771302162054,"duration":0}},{"uid":"3d8297f71cdb6917","status":"failed","statusDetails":"AssertionError: Locator expected to be visible\nActual value: None\nError: element(s) not found \nCall log:\n  - Expect \"to_be_visible\" with timeout 5000ms\n  - waiting for locator(\"div.uppercase:has-text('DEFAULT')\")","time":{"start":1771216066051,"stop":1771216066051,"duration":0}},{"uid":"2172d4e5c48caa0b","status":"failed","statusDetails":"AssertionError: Locator expected to be visible\nActual value: None\nError: element(s) not found \nCall log:\n  - Expect \"to_be_visible\" with timeout 5000ms\n  - waiting for locator(\"div.uppercase:has-text('DEFAULT')\")","time":{"start":1771129460965,"stop":1771129460965,"duration":0}},{"uid":"b8b99f0de0c4071e","status":"failed","statusDetails":"AssertionError: Locator expected to be visible\nActual value: None\nError: element(s) not found \nCall log:\n  - Expect \"to_be_visible\" with timeout 5000ms\n  - waiting for locator(\"div.uppercase:has-text('DEFAULT')\")","time":{"start":1771042328294,"stop":1771042328294,"duration":0}},{"uid":"568c48b8b21edaa4","status":"failed","statusDetails":"AssertionError: Locator expected to be visible\nActual value: None\nError: element(s) not found \nCall log:\n  - Expect \"to_be_visible\" with timeout 5000ms\n  - waiting for locator(\"div.uppercase:has-text('DEFAULT')\")","time":{"start":1770956623643,"stop":1770956623643,"duration":0}},{"uid":"cf8f43339dcb99af","status":"failed","statusDetails":"AssertionError: Locator expected to be visible\nActual value: None\nError: element(s) not found \nCall log:\n  - Expect \"to_be_visible\" with timeout 5000ms\n  - waiting for locator(\"div.uppercase:has-text('DEFAULT')\")","time":{"start":1770926269139,"stop":1770926269139,"duration":0}},{"uid":"ec20f9d329deacbb","status":"failed","statusDetails":"AssertionError: Locator expected to be visible\nActual value: None\nError: element(s) not found \nCall log:\n  - Expect \"to_be_visible\" with timeout 5000ms\n  - waiting for locator(\"div.uppercase:has-text('DEFAULT')\")","time":{"start":1770911967869,"stop":1770911967869,"duration":0}}]},"tags":["regression"]},"source":"f2a495f2fa788a.json","parameterValues":[]}